<?xml version="1.0" encoding="UTF-8" ?>
<<<<<<< HEAD
<testsuite tests="15" failures="0" name="DataLayer.DataMapperTest" time="2.671" errors="1" skipped="0">
=======
<<<<<<< HEAD
<testsuite tests="15" failures="0" name="DataLayer.DataMapperTest" time="2.212" errors="0" skipped="0">
=======
<<<<<<< HEAD
<<<<<<< HEAD
<<<<<<< HEAD
<testsuite tests="14" failures="4" name="DataLayer.DataMapperTest" time="6.529" errors="1" skipped="0">
=======
<testsuite tests="15" failures="0" name="DataLayer.DataMapperTest" time="2.116" errors="0" skipped="0">
>>>>>>> 6c9843033013cde92ea412c3bc77059228ed5f63
=======
<testsuite tests="15" failures="0" name="DataLayer.DataMapperTest" time="2.159" errors="0" skipped="0">
>>>>>>> adde66c46e12c414b13a00b80192d3851503f014
=======
<testsuite tests="15" failures="2" name="DataLayer.DataMapperTest" time="0.947" errors="0" skipped="0">
>>>>>>> 8b3810143e0a4de666260a9061efa7c852f8b1c2
>>>>>>> ba5292604812bae433f1cfb506e0dabcf1190b15
>>>>>>> 9ca68f6870128fe7d87c86e60b3010ebd5a080c4
  <properties>
    <property name="java.runtime.name" value="Java(TM) SE Runtime Environment"/>
    <property name="sun.boot.library.path" value="C:\Program Files\Java\jdk1.8.0_191\jre\bin"/>
    <property name="java.vm.version" value="25.191-b12"/>
    <property name="java.vm.vendor" value="Oracle Corporation"/>
    <property name="java.vendor.url" value="http://java.oracle.com/"/>
    <property name="path.separator" value=";"/>
    <property name="guice.disable.misplaced.annotation.check" value="true"/>
    <property name="java.vm.name" value="Java HotSpot(TM) 64-Bit Server VM"/>
    <property name="file.encoding.pkg" value="sun.io"/>
    <property name="user.script" value=""/>
    <property name="user.country" value="DK"/>
    <property name="sun.java.launcher" value="SUN_STANDARD"/>
    <property name="sun.os.patch.level" value=""/>
    <property name="test" value="DataLayer.DataMapperTest"/>
    <property name="java.vm.specification.name" value="Java Virtual Machine Specification"/>
<<<<<<< HEAD
    <property name="user.dir" value="C:\Users\fskn\Documents\2 semester\NetbeansProjekter\Fog-case\FogCase\FogExame"/>
    <property name="java.runtime.version" value="1.8.0_191-b12"/>
=======
<<<<<<< HEAD
=======
<<<<<<< HEAD
<<<<<<< HEAD
    <property name="user.dir" value="C:\Users\frizz\OneDrive\Documents\GitHub\FogCase\FogExame"/>
    <property name="java.runtime.version" value="1.8.0_181-b13"/>
>>>>>>> 9ca68f6870128fe7d87c86e60b3010ebd5a080c4
    <property name="java.awt.graphicsenv" value="sun.awt.Win32GraphicsEnvironment"/>
    <property name="java.endorsed.dirs" value="C:\Program Files\Java\jdk1.8.0_191\jre\lib\endorsed"/>
    <property name="os.arch" value="amd64"/>
<<<<<<< HEAD
    <property name="java.io.tmpdir" value="C:\Users\fskn\AppData\Local\Temp\"/>
=======
    <property name="java.io.tmpdir" value="C:\Users\frizz\AppData\Local\Temp\"/>
=======
>>>>>>> ba5292604812bae433f1cfb506e0dabcf1190b15
    <property name="user.dir" value="C:\Users\emils\Desktop\2semester\FogCase\FogExame"/>
    <property name="java.runtime.version" value="1.8.0_181-b13"/>
    <property name="java.awt.graphicsenv" value="sun.awt.Win32GraphicsEnvironment"/>
    <property name="java.endorsed.dirs" value="C:\Program Files\Java\jdk1.8.0_181\jre\lib\endorsed"/>
    <property name="os.arch" value="amd64"/>
    <property name="java.io.tmpdir" value="C:\Users\emils\AppData\Local\Temp\"/>
<<<<<<< HEAD
=======
>>>>>>> 6c9843033013cde92ea412c3bc77059228ed5f63
=======
    <property name="user.dir" value="C:\Users\ahmed\Desktop\GitCAN\FogCase\FogExame"/>
    <property name="java.runtime.version" value="1.8.0_181-b13"/>
    <property name="java.awt.graphicsenv" value="sun.awt.Win32GraphicsEnvironment"/>
    <property name="java.endorsed.dirs" value="C:\Program Files\Java\jdk1.8.0_181\jre\lib\endorsed"/>
    <property name="os.arch" value="amd64"/>
    <property name="java.io.tmpdir" value="C:\Users\ahmed\AppData\Local\Temp\"/>
>>>>>>> 8b3810143e0a4de666260a9061efa7c852f8b1c2
>>>>>>> ba5292604812bae433f1cfb506e0dabcf1190b15
>>>>>>> 9ca68f6870128fe7d87c86e60b3010ebd5a080c4
    <property name="line.separator" value="
"/>
    <property name="java.vm.specification.vendor" value="Oracle Corporation"/>
    <property name="user.variant" value=""/>
    <property name="os.name" value="Windows 10"/>
    <property name="maven.ext.class.path" value="C:\Program Files\NetBeans 8.2\java\maven-nblib\netbeans-eventspy.jar"/>
    <property name="classworlds.conf" value="C:\Program Files\NetBeans 8.2\java\maven\bin\m2.conf"/>
    <property name="sun.jnu.encoding" value="Cp1252"/>
<<<<<<< HEAD
    <property name="java.library.path" value="C:\Program Files\Java\jdk1.8.0_191\bin;C:\Windows\Sun\Java\bin;C:\Windows\system32;C:\Windows;C:\Program Files (x86)\Common Files\Oracle\Java\javapath;C:\Program Files (x86)\Intel\Intel(R) Management Engine Components\iCLS\;C:\Program Files\Intel\Intel(R) Management Engine Components\iCLS\;C:\Windows\system32;C:\Windows;C:\Windows\System32\Wbem;C:\Windows\System32\WindowsPowerShell\v1.0\;C:\Windows\System32\OpenSSH\;C:\Program Files (x86)\NVIDIA Corporation\PhysX\Common;C:\Program Files\Intel\WiFi\bin\;C:\Program Files\Common Files\Intel\WirelessCommon\;C:\Program Files (x86)\Intel\Intel(R) Management Engine Components\DAL;C:\Program Files\Intel\Intel(R) Management Engine Components\DAL;C:\Program Files (x86)\Intel\Intel(R) Management Engine Components\IPT;C:\Program Files\Intel\Intel(R) Management Engine Components\IPT;C:\Program Files\Git\cmd;C:\Program Files\PuTTY\;C:\Users\fskn\AppData\Local\Microsoft\WindowsApps C:\Program Files\Java\jdk1.8.0_191\bin;;."/>
=======
<<<<<<< HEAD
    <property name="java.library.path" value="C:\Program Files\Java\jdk1.8.0_181\bin;C:\WINDOWS\Sun\Java\bin;C:\WINDOWS\system32;C:\WINDOWS;C:\Program Files (x86)\Common Files\Oracle\Java\javapath;C:\WINDOWS\system32;C:\WINDOWS;C:\WINDOWS\System32\Wbem;C:\WINDOWS\System32\WindowsPowerShell\v1.0\;C:\WINDOWS\System32\OpenSSH\;C:\Program Files (x86)\Airtame;C:\Program Files\IDM Computer Solutions\UltraEdit;C:\Program Files\Git\cmd;C:\Windows\Airtame;C:\Program Files\PuTTY\;C:\Users\emils\AppData\Local\Microsoft\WindowsApps;C:\Program Files\Java\jdk1.8.0_181\bin;;."/>
=======
<<<<<<< HEAD
<<<<<<< HEAD
    <property name="java.library.path" value="C:\Program Files\Java\jdk1.8.0_181\bin;C:\WINDOWS\Sun\Java\bin;C:\WINDOWS\system32;C:\WINDOWS;C:\Program Files (x86)\Common Files\Oracle\Java\javapath;C:\WINDOWS\system32;C:\WINDOWS;C:\WINDOWS\System32\Wbem;C:\WINDOWS\System32\WindowsPowerShell\v1.0\;C:\WINDOWS\System32\OpenSSH\;C:\Program Files (x86)\Airtame;C:\Program Files\Intel\WiFi\bin\;C:\Program Files\Common Files\Intel\WirelessCommon\;C:\Program Files\Git\cmd;C:\Program Files\PuTTY\;C:\Users\frizz\AppData\Local\Microsoft\WindowsApps;C:\Program Files\Java\jdk1.8.0_181\bin;C:\Users\frizz\AppData\Local\GitHubDesktop\bin;."/>
=======
    <property name="java.library.path" value="C:\Program Files\Java\jdk1.8.0_181\bin;C:\WINDOWS\Sun\Java\bin;C:\WINDOWS\system32;C:\WINDOWS;C:\Program Files (x86)\Common Files\Oracle\Java\javapath;C:\WINDOWS\system32;C:\WINDOWS;C:\WINDOWS\System32\Wbem;C:\WINDOWS\System32\WindowsPowerShell\v1.0\;C:\WINDOWS\System32\OpenSSH\;C:\Program Files (x86)\Airtame;C:\Program Files\IDM Computer Solutions\UltraEdit;C:\Program Files\Git\cmd;C:\Windows\Airtame;C:\Program Files\PuTTY\;C:\Users\emils\AppData\Local\Microsoft\WindowsApps;C:\Program Files\Java\jdk1.8.0_181\bin;;."/>
>>>>>>> 6c9843033013cde92ea412c3bc77059228ed5f63
=======
    <property name="java.library.path" value="C:\Program Files\Java\jdk1.8.0_181\bin;C:\WINDOWS\Sun\Java\bin;C:\WINDOWS\system32;C:\WINDOWS;C:\Program Files (x86)\Common Files\Oracle\Java\javapath;C:\Program Files (x86)\Intel\Intel(R) Management Engine Components\iCLS\;C:\Program Files\Intel\Intel(R) Management Engine Components\iCLS\;C:\Windows\system32;C:\Windows;C:\Windows\System32\Wbem;C:\Windows\System32\WindowsPowerShell\v1.0\;C:\Program Files (x86)\NVIDIA Corporation\PhysX\Common;C:\Program Files\Intel\WiFi\bin\;C:\Program Files\Common Files\Intel\WirelessCommon\;C:\Program Files (x86)\Intel\Intel(R) Management Engine Components\DAL;C:\Program Files\Intel\Intel(R) Management Engine Components\DAL;C:\Program Files (x86)\Intel\Intel(R) Management Engine Components\IPT;C:\Program Files\Intel\Intel(R) Management Engine Components\IPT;C:\WINDOWS\system32;C:\WINDOWS;C:\WINDOWS\System32\Wbem;C:\WINDOWS\System32\WindowsPowerShell\v1.0\;C:\WINDOWS\System32\OpenSSH\;C:\Program Files\Git\cmd;C:\Program Files\NVIDIA Corporation\NVIDIA NvDLISR;C:\Program Files (x86)\Airtame;C:\Program Files\PuTTY\;C:\Users\ahmed\AppData\Local\Microsoft\WindowsApps;C:\Users\ahmed\AppData\Local\atom\bin;."/>
>>>>>>> 8b3810143e0a4de666260a9061efa7c852f8b1c2
>>>>>>> ba5292604812bae433f1cfb506e0dabcf1190b15
>>>>>>> 9ca68f6870128fe7d87c86e60b3010ebd5a080c4
    <property name="java.specification.name" value="Java Platform API Specification"/>
    <property name="java.class.version" value="52.0"/>
    <property name="sun.management.compiler" value="HotSpot 64-Bit Tiered Compilers"/>
    <property name="os.version" value="10.0"/>
<<<<<<< HEAD
    <property name="user.home" value="C:\Users\fskn"/>
=======
<<<<<<< HEAD
    <property name="user.home" value="C:\Users\emils"/>
=======
<<<<<<< HEAD
<<<<<<< HEAD
    <property name="user.home" value="C:\Users\frizz"/>
=======
    <property name="user.home" value="C:\Users\emils"/>
>>>>>>> 6c9843033013cde92ea412c3bc77059228ed5f63
=======
    <property name="user.home" value="C:\Users\ahmed"/>
>>>>>>> 8b3810143e0a4de666260a9061efa7c852f8b1c2
>>>>>>> ba5292604812bae433f1cfb506e0dabcf1190b15
>>>>>>> 9ca68f6870128fe7d87c86e60b3010ebd5a080c4
    <property name="user.timezone" value="Europe/Paris"/>
    <property name="java.awt.printerjob" value="sun.awt.windows.WPrinterJob"/>
    <property name="java.specification.version" value="1.8"/>
    <property name="file.encoding" value="UTF-8"/>
<<<<<<< HEAD
    <property name="user.name" value="fskn"/>
    <property name="java.class.path" value="C:\Program Files\NetBeans 8.2\java\maven\boot\plexus-classworlds-2.4.jar"/>
    <property name="java.vm.specification.version" value="1.8"/>
    <property name="sun.arch.data.model" value="64"/>
    <property name="java.home" value="C:\Program Files\Java\jdk1.8.0_191\jre"/>
    <property name="sun.java.command" value="org.codehaus.plexus.classworlds.launcher.Launcher -Dtest=DataLayer.DataMapperTest -Dmaven.ext.class.path=C:\Program Files\NetBeans 8.2\java\maven-nblib\netbeans-eventspy.jar -Dfile.encoding=UTF-8 surefire:test"/>
=======
<<<<<<< HEAD
    <property name="user.name" value="emils"/>
=======
<<<<<<< HEAD
<<<<<<< HEAD
    <property name="user.name" value="frizz"/>
=======
    <property name="user.name" value="emils"/>
>>>>>>> 6c9843033013cde92ea412c3bc77059228ed5f63
=======
    <property name="user.name" value="ahmed"/>
>>>>>>> 8b3810143e0a4de666260a9061efa7c852f8b1c2
>>>>>>> ba5292604812bae433f1cfb506e0dabcf1190b15
    <property name="java.class.path" value="C:\Program Files\NetBeans 8.2\java\maven\boot\plexus-classworlds-2.4.jar"/>
    <property name="java.vm.specification.version" value="1.8"/>
    <property name="sun.arch.data.model" value="64"/>
    <property name="java.home" value="C:\Program Files\Java\jdk1.8.0_181\jre"/>
    <property name="sun.java.command" value="org.codehaus.plexus.classworlds.launcher.Launcher -Dtest=DataLayer.DataMapperTest -Dmaven.ext.class.path=C:\Program Files\NetBeans 8.2\java\maven-nblib\netbeans-eventspy.jar -Dfile.encoding=UTF-8 surefire:test"/>
<<<<<<< HEAD
=======
<<<<<<< HEAD
<<<<<<< HEAD
=======
>>>>>>> 52f9985ae316d1a5accc6c75a92a378c4ca2d21d
>>>>>>> 96ed1b4e26e048ff65153598aacb70963d62c416
=======
>>>>>>> 8b3810143e0a4de666260a9061efa7c852f8b1c2
>>>>>>> adde66c46e12c414b13a00b80192d3851503f014
>>>>>>> ba5292604812bae433f1cfb506e0dabcf1190b15
>>>>>>> 9ca68f6870128fe7d87c86e60b3010ebd5a080c4
    <property name="java.specification.vendor" value="Oracle Corporation"/>
    <property name="user.language" value="da"/>
    <property name="awt.toolkit" value="sun.awt.windows.WToolkit"/>
    <property name="java.vm.info" value="mixed mode"/>
    <property name="java.version" value="1.8.0_191"/>
    <property name="java.ext.dirs" value="C:\Program Files\Java\jdk1.8.0_191\jre\lib\ext;C:\Windows\Sun\Java\lib\ext"/>
    <property name="sun.boot.class.path" value="C:\Program Files\Java\jdk1.8.0_191\jre\lib\resources.jar;C:\Program Files\Java\jdk1.8.0_191\jre\lib\rt.jar;C:\Program Files\Java\jdk1.8.0_191\jre\lib\sunrsasign.jar;C:\Program Files\Java\jdk1.8.0_191\jre\lib\jsse.jar;C:\Program Files\Java\jdk1.8.0_191\jre\lib\jce.jar;C:\Program Files\Java\jdk1.8.0_191\jre\lib\charsets.jar;C:\Program Files\Java\jdk1.8.0_191\jre\lib\jfr.jar;C:\Program Files\Java\jdk1.8.0_191\jre\classes"/>
    <property name="java.vendor" value="Oracle Corporation"/>
    <property name="maven.home" value="C:\Program Files\NetBeans 8.2\java\maven"/>
    <property name="file.separator" value="\"/>
    <property name="java.vendor.url.bug" value="http://bugreport.sun.com/bugreport/"/>
    <property name="sun.cpu.endian" value="little"/>
    <property name="sun.io.unicode.encoding" value="UnicodeLittle"/>
<<<<<<< HEAD
    <property name="sun.desktop" value="windows"/>
    <property name="sun.cpu.isalist" value="amd64"/>
  </properties>
  <testcase classname="DataLayer.DataMapperTest" name="testGetlength" time="1.968"/>
  <testcase classname="DataLayer.DataMapperTest" name="testGetMatiralName" time="0"/>
  <testcase classname="DataLayer.DataMapperTest" name="testGetwidth2" time="0.031"/>
  <testcase classname="DataLayer.DataMapperTest" name="testGetShedwidth" time="0.016"/>
  <testcase classname="DataLayer.DataMapperTest" name="testGetwidth" time="0.015"/>
  <testcase classname="DataLayer.DataMapperTest" name="testGetShedlength" time="0.016"/>
  <testcase classname="DataLayer.DataMapperTest" name="testGetRoofAngle" time="0.031">
    <error message="Error" type="Logic.CarportException">Logic.CarportException: Error
	at DataLayer.DataMappers.CarportMapper.getRoofAngle(CarportMapper.java:403)
	at DataLayer.DataMapperTest.testGetRoofAngle(DataMapperTest.java:169)
=======
<<<<<<< HEAD
=======
<<<<<<< HEAD
<<<<<<< HEAD
    <property name="sun.desktop" value="windows"/>
    <property name="sun.cpu.isalist" value="amd64"/>
  </properties>
  <testcase classname="DataLayer.DataMapperTest" name="testGetlength" time="5.692"/>
  <testcase classname="DataLayer.DataMapperTest" name="testGetMatiralName" time="0.014"/>
  <testcase classname="DataLayer.DataMapperTest" name="testGetShedwidth" time="0.059">
=======
    <property name="netbeans.deploy.clientUrlPart" value="/index.jsp"/>
>>>>>>> ba5292604812bae433f1cfb506e0dabcf1190b15
    <property name="sun.desktop" value="windows"/>
    <property name="sun.cpu.isalist" value="amd64"/>
  </properties>
  <testcase classname="DataLayer.DataMapperTest" name="testGetlength" time="1.788"/>
  <testcase classname="DataLayer.DataMapperTest" name="testGetMatiralName" time="0.015"/>
  <testcase classname="DataLayer.DataMapperTest" name="testGetwidth2" time="0.019"/>
  <testcase classname="DataLayer.DataMapperTest" name="testGetShedwidth" time="0.019"/>
  <testcase classname="DataLayer.DataMapperTest" name="testGetwidth" time="0.018"/>
  <testcase classname="DataLayer.DataMapperTest" name="testGetShedlength" time="0.019"/>
  <testcase classname="DataLayer.DataMapperTest" name="testGetRoofAngle" time="0.018"/>
  <testcase classname="DataLayer.DataMapperTest" name="testGetMaxAngles" time="0.019"/>
<<<<<<< HEAD
  <testcase classname="DataLayer.DataMapperTest" name="testGetMaxLength" time="0.018"/>
  <testcase classname="DataLayer.DataMapperTest" name="testGetMaxRoofMaterial" time="0.021"/>
  <testcase classname="DataLayer.DataMapperTest" name="testGetmaxmatiralnum" time="0.015"/>
  <testcase classname="DataLayer.DataMapperTest" name="testGetMaxShedWidth" time="0.018"/>
  <testcase classname="DataLayer.DataMapperTest" name="testGetMaxShedLength" time="0.018"/>
  <testcase classname="DataLayer.DataMapperTest" name="testGetRoofMaterial" time="0.021"/>
=======
  <testcase classname="DataLayer.DataMapperTest" name="testGetMaxLength" time="0.021"/>
  <testcase classname="DataLayer.DataMapperTest" name="testGetMaxRoofMaterial" time="0.018"/>
  <testcase classname="DataLayer.DataMapperTest" name="testGetmaxmatiralnum" time="0.018"/>
  <testcase classname="DataLayer.DataMapperTest" name="testGetMaxShedWidth" time="0.019"/>
  <testcase classname="DataLayer.DataMapperTest" name="testGetMaxShedLength" time="0.024"/>
  <testcase classname="DataLayer.DataMapperTest" name="testGetRoofMaterial" time="0.019"/>
  <testcase classname="DataLayer.DataMapperTest" name="testGetMaxWidth" time="0.02"/>
>>>>>>> 6c9843033013cde92ea412c3bc77059228ed5f63
=======
    <property name="sun.desktop" value="windows"/>
    <property name="sun.cpu.isalist" value="amd64"/>
  </properties>
<<<<<<< HEAD
  <testcase classname="DataLayer.DataMapperTest" name="testGetlength" time="0.781"/>
  <testcase classname="DataLayer.DataMapperTest" name="testGetMatiralName" time="0.016"/>
  <testcase classname="DataLayer.DataMapperTest" name="testGetShedwidth" time="0.026">
>>>>>>> 96ed1b4e26e048ff65153598aacb70963d62c416
    <failure message="expected:&lt;300&gt; but was:&lt;270&gt;" type="java.lang.AssertionError">java.lang.AssertionError: expected:&lt;300&gt; but was:&lt;270&gt;
	at org.junit.Assert.fail(Assert.java:88)
	at org.junit.Assert.failNotEquals(Assert.java:834)
	at org.junit.Assert.assertEquals(Assert.java:645)
	at org.junit.Assert.assertEquals(Assert.java:631)
	at DataLayer.DataMapperTest.testGetShedwidth(DataMapperTest.java:146)
	at sun.reflect.NativeMethodAccessorImpl.invoke0(Native Method)
	at sun.reflect.NativeMethodAccessorImpl.invoke(NativeMethodAccessorImpl.java:62)
	at sun.reflect.DelegatingMethodAccessorImpl.invoke(DelegatingMethodAccessorImpl.java:43)
	at java.lang.reflect.Method.invoke(Method.java:498)
	at org.junit.runners.model.FrameworkMethod$1.runReflectiveCall(FrameworkMethod.java:50)
	at org.junit.internal.runners.model.ReflectiveCallable.run(ReflectiveCallable.java:12)
	at org.junit.runners.model.FrameworkMethod.invokeExplosively(FrameworkMethod.java:47)
	at org.junit.internal.runners.statements.InvokeMethod.evaluate(InvokeMethod.java:17)
	at org.junit.internal.runners.statements.RunBefores.evaluate(RunBefores.java:26)
	at org.junit.internal.runners.statements.RunAfters.evaluate(RunAfters.java:27)
	at org.junit.runners.ParentRunner.runLeaf(ParentRunner.java:325)
	at org.junit.runners.BlockJUnit4ClassRunner.runChild(BlockJUnit4ClassRunner.java:78)
	at org.junit.runners.BlockJUnit4ClassRunner.runChild(BlockJUnit4ClassRunner.java:57)
	at org.junit.runners.ParentRunner$3.run(ParentRunner.java:290)
	at org.junit.runners.ParentRunner$1.schedule(ParentRunner.java:71)
	at org.junit.runners.ParentRunner.runChildren(ParentRunner.java:288)
	at org.junit.runners.ParentRunner.access$000(ParentRunner.java:58)
	at org.junit.runners.ParentRunner$2.evaluate(ParentRunner.java:268)
	at org.junit.internal.runners.statements.RunBefores.evaluate(RunBefores.java:26)
	at org.junit.internal.runners.statements.RunAfters.evaluate(RunAfters.java:27)
	at org.junit.runners.ParentRunner.run(ParentRunner.java:363)
	at org.apache.maven.surefire.junit4.JUnit4TestSet.execute(JUnit4TestSet.java:53)
	at org.apache.maven.surefire.junit4.JUnit4Provider.executeTestSet(JUnit4Provider.java:123)
	at org.apache.maven.surefire.junit4.JUnit4Provider.invoke(JUnit4Provider.java:104)
	at sun.reflect.NativeMethodAccessorImpl.invoke0(Native Method)
	at sun.reflect.NativeMethodAccessorImpl.invoke(NativeMethodAccessorImpl.java:62)
	at sun.reflect.DelegatingMethodAccessorImpl.invoke(DelegatingMethodAccessorImpl.java:43)
	at java.lang.reflect.Method.invoke(Method.java:498)
	at org.apache.maven.surefire.util.ReflectionUtils.invokeMethodWithArray(ReflectionUtils.java:164)
	at org.apache.maven.surefire.booter.ProviderFactory$ProviderProxy.invoke(ProviderFactory.java:110)
	at org.apache.maven.surefire.booter.SurefireStarter.invokeProvider(SurefireStarter.java:175)
	at org.apache.maven.surefire.booter.SurefireStarter.runSuitesInProcessWhenForked(SurefireStarter.java:107)
	at org.apache.maven.surefire.booter.ForkedBooter.main(ForkedBooter.java:68)
</failure>
    <system-out>Hello
</system-out>
  </testcase>
<<<<<<< HEAD
  <testcase classname="DataLayer.DataMapperTest" name="testGetwidth" time="0.018">
    <error message="You have an error in your SQL syntax; check the manual that corresponds to your MySQL server version for the right syntax to use near &apos;?&apos; at line 1" type="java.sql.SQLSyntaxErrorException">java.sql.SQLSyntaxErrorException: You have an error in your SQL syntax; check the manual that corresponds to your MySQL server version for the right syntax to use near &apos;?&apos; at line 1
	at com.mysql.cj.jdbc.exceptions.SQLError.createSQLException(SQLError.java:120)
	at com.mysql.cj.jdbc.exceptions.SQLError.createSQLException(SQLError.java:97)
	at com.mysql.cj.jdbc.exceptions.SQLExceptionsMapping.translateException(SQLExceptionsMapping.java:122)
	at com.mysql.cj.jdbc.StatementImpl.executeQuery(StatementImpl.java:1218)
	at DataLayer.DataMappers.CarportMapper.getwidth(CarportMapper.java:333)
	at DataLayer.DataMapperTest.testGetwidth(DataMapperTest.java:127)
=======
  <testcase classname="DataLayer.DataMapperTest" name="testGetwidth" time="0.018"/>
  <testcase classname="DataLayer.DataMapperTest" name="testGetShedlength" time="0.018">
    <failure message="expected:&lt;240&gt; but was:&lt;210&gt;" type="java.lang.AssertionError">java.lang.AssertionError: expected:&lt;240&gt; but was:&lt;210&gt;
	at org.junit.Assert.fail(Assert.java:88)
	at org.junit.Assert.failNotEquals(Assert.java:834)
	at org.junit.Assert.assertEquals(Assert.java:645)
	at org.junit.Assert.assertEquals(Assert.java:631)
	at DataLayer.DataMapperTest.testGetShedlength(DataMapperTest.java:155)
>>>>>>> 96ed1b4e26e048ff65153598aacb70963d62c416
	at sun.reflect.NativeMethodAccessorImpl.invoke0(Native Method)
	at sun.reflect.NativeMethodAccessorImpl.invoke(NativeMethodAccessorImpl.java:62)
	at sun.reflect.DelegatingMethodAccessorImpl.invoke(DelegatingMethodAccessorImpl.java:43)
	at java.lang.reflect.Method.invoke(Method.java:498)
	at org.junit.runners.model.FrameworkMethod$1.runReflectiveCall(FrameworkMethod.java:50)
	at org.junit.internal.runners.model.ReflectiveCallable.run(ReflectiveCallable.java:12)
	at org.junit.runners.model.FrameworkMethod.invokeExplosively(FrameworkMethod.java:47)
	at org.junit.internal.runners.statements.InvokeMethod.evaluate(InvokeMethod.java:17)
	at org.junit.internal.runners.statements.RunBefores.evaluate(RunBefores.java:26)
	at org.junit.internal.runners.statements.RunAfters.evaluate(RunAfters.java:27)
	at org.junit.runners.ParentRunner.runLeaf(ParentRunner.java:325)
	at org.junit.runners.BlockJUnit4ClassRunner.runChild(BlockJUnit4ClassRunner.java:78)
	at org.junit.runners.BlockJUnit4ClassRunner.runChild(BlockJUnit4ClassRunner.java:57)
	at org.junit.runners.ParentRunner$3.run(ParentRunner.java:290)
	at org.junit.runners.ParentRunner$1.schedule(ParentRunner.java:71)
	at org.junit.runners.ParentRunner.runChildren(ParentRunner.java:288)
	at org.junit.runners.ParentRunner.access$000(ParentRunner.java:58)
	at org.junit.runners.ParentRunner$2.evaluate(ParentRunner.java:268)
	at org.junit.internal.runners.statements.RunBefores.evaluate(RunBefores.java:26)
	at org.junit.internal.runners.statements.RunAfters.evaluate(RunAfters.java:27)
	at org.junit.runners.ParentRunner.run(ParentRunner.java:363)
	at org.apache.maven.surefire.junit4.JUnit4TestSet.execute(JUnit4TestSet.java:53)
	at org.apache.maven.surefire.junit4.JUnit4Provider.executeTestSet(JUnit4Provider.java:123)
	at org.apache.maven.surefire.junit4.JUnit4Provider.invoke(JUnit4Provider.java:104)
	at sun.reflect.NativeMethodAccessorImpl.invoke0(Native Method)
	at sun.reflect.NativeMethodAccessorImpl.invoke(NativeMethodAccessorImpl.java:62)
	at sun.reflect.DelegatingMethodAccessorImpl.invoke(DelegatingMethodAccessorImpl.java:43)
	at java.lang.reflect.Method.invoke(Method.java:498)
	at org.apache.maven.surefire.util.ReflectionUtils.invokeMethodWithArray(ReflectionUtils.java:164)
	at org.apache.maven.surefire.booter.ProviderFactory$ProviderProxy.invoke(ProviderFactory.java:110)
	at org.apache.maven.surefire.booter.SurefireStarter.invokeProvider(SurefireStarter.java:175)
	at org.apache.maven.surefire.booter.SurefireStarter.runSuitesInProcessWhenForked(SurefireStarter.java:107)
	at org.apache.maven.surefire.booter.ForkedBooter.main(ForkedBooter.java:68)
<<<<<<< HEAD
</error>
    <system-out>Hello
</system-out>
  </testcase>
  <testcase classname="DataLayer.DataMapperTest" name="testGetShedlength" time="0.023">
    <failure message="expected:&lt;240&gt; but was:&lt;210&gt;" type="java.lang.AssertionError">java.lang.AssertionError: expected:&lt;240&gt; but was:&lt;210&gt;
=======
</failure>
    <system-out>Hello
</system-out>
  </testcase>
  <testcase classname="DataLayer.DataMapperTest" name="testGetRoofAngle" time="0.017">
    <failure message="expected:&lt;35&gt; but was:&lt;30&gt;" type="java.lang.AssertionError">java.lang.AssertionError: expected:&lt;35&gt; but was:&lt;30&gt;
>>>>>>> 96ed1b4e26e048ff65153598aacb70963d62c416
	at org.junit.Assert.fail(Assert.java:88)
	at org.junit.Assert.failNotEquals(Assert.java:834)
	at org.junit.Assert.assertEquals(Assert.java:645)
	at org.junit.Assert.assertEquals(Assert.java:631)
<<<<<<< HEAD
	at DataLayer.DataMapperTest.testGetShedlength(DataMapperTest.java:155)
=======
	at DataLayer.DataMapperTest.testGetRoofAngle(DataMapperTest.java:164)
>>>>>>> 96ed1b4e26e048ff65153598aacb70963d62c416
	at sun.reflect.NativeMethodAccessorImpl.invoke0(Native Method)
	at sun.reflect.NativeMethodAccessorImpl.invoke(NativeMethodAccessorImpl.java:62)
	at sun.reflect.DelegatingMethodAccessorImpl.invoke(DelegatingMethodAccessorImpl.java:43)
	at java.lang.reflect.Method.invoke(Method.java:498)
	at org.junit.runners.model.FrameworkMethod$1.runReflectiveCall(FrameworkMethod.java:50)
	at org.junit.internal.runners.model.ReflectiveCallable.run(ReflectiveCallable.java:12)
	at org.junit.runners.model.FrameworkMethod.invokeExplosively(FrameworkMethod.java:47)
	at org.junit.internal.runners.statements.InvokeMethod.evaluate(InvokeMethod.java:17)
	at org.junit.internal.runners.statements.RunBefores.evaluate(RunBefores.java:26)
	at org.junit.internal.runners.statements.RunAfters.evaluate(RunAfters.java:27)
	at org.junit.runners.ParentRunner.runLeaf(ParentRunner.java:325)
	at org.junit.runners.BlockJUnit4ClassRunner.runChild(BlockJUnit4ClassRunner.java:78)
	at org.junit.runners.BlockJUnit4ClassRunner.runChild(BlockJUnit4ClassRunner.java:57)
	at org.junit.runners.ParentRunner$3.run(ParentRunner.java:290)
	at org.junit.runners.ParentRunner$1.schedule(ParentRunner.java:71)
	at org.junit.runners.ParentRunner.runChildren(ParentRunner.java:288)
	at org.junit.runners.ParentRunner.access$000(ParentRunner.java:58)
	at org.junit.runners.ParentRunner$2.evaluate(ParentRunner.java:268)
	at org.junit.internal.runners.statements.RunBefores.evaluate(RunBefores.java:26)
	at org.junit.internal.runners.statements.RunAfters.evaluate(RunAfters.java:27)
	at org.junit.runners.ParentRunner.run(ParentRunner.java:363)
	at org.apache.maven.surefire.junit4.JUnit4TestSet.execute(JUnit4TestSet.java:53)
	at org.apache.maven.surefire.junit4.JUnit4Provider.executeTestSet(JUnit4Provider.java:123)
	at org.apache.maven.surefire.junit4.JUnit4Provider.invoke(JUnit4Provider.java:104)
	at sun.reflect.NativeMethodAccessorImpl.invoke0(Native Method)
	at sun.reflect.NativeMethodAccessorImpl.invoke(NativeMethodAccessorImpl.java:62)
	at sun.reflect.DelegatingMethodAccessorImpl.invoke(DelegatingMethodAccessorImpl.java:43)
	at java.lang.reflect.Method.invoke(Method.java:498)
	at org.apache.maven.surefire.util.ReflectionUtils.invokeMethodWithArray(ReflectionUtils.java:164)
	at org.apache.maven.surefire.booter.ProviderFactory$ProviderProxy.invoke(ProviderFactory.java:110)
	at org.apache.maven.surefire.booter.SurefireStarter.invokeProvider(SurefireStarter.java:175)
	at org.apache.maven.surefire.booter.SurefireStarter.runSuitesInProcessWhenForked(SurefireStarter.java:107)
	at org.apache.maven.surefire.booter.ForkedBooter.main(ForkedBooter.java:68)
</failure>
    <system-out>Hello
</system-out>
  </testcase>
<<<<<<< HEAD
  <testcase classname="DataLayer.DataMapperTest" name="testGetRoofAngle" time="0.015">
    <failure message="expected:&lt;35&gt; but was:&lt;30&gt;" type="java.lang.AssertionError">java.lang.AssertionError: expected:&lt;35&gt; but was:&lt;30&gt;
=======
  <testcase classname="DataLayer.DataMapperTest" name="testGetMaxAngles" time="0.018">
    <failure message="expected:&lt;6&gt; but was:&lt;7&gt;" type="java.lang.AssertionError">java.lang.AssertionError: expected:&lt;6&gt; but was:&lt;7&gt;
>>>>>>> 96ed1b4e26e048ff65153598aacb70963d62c416
	at org.junit.Assert.fail(Assert.java:88)
	at org.junit.Assert.failNotEquals(Assert.java:834)
	at org.junit.Assert.assertEquals(Assert.java:645)
	at org.junit.Assert.assertEquals(Assert.java:631)
<<<<<<< HEAD
	at DataLayer.DataMapperTest.testGetRoofAngle(DataMapperTest.java:164)
=======
	at DataLayer.DataMapperTest.testGetMaxAngles(DataMapperTest.java:74)
>>>>>>> 96ed1b4e26e048ff65153598aacb70963d62c416
	at sun.reflect.NativeMethodAccessorImpl.invoke0(Native Method)
	at sun.reflect.NativeMethodAccessorImpl.invoke(NativeMethodAccessorImpl.java:62)
	at sun.reflect.DelegatingMethodAccessorImpl.invoke(DelegatingMethodAccessorImpl.java:43)
	at java.lang.reflect.Method.invoke(Method.java:498)
	at org.junit.runners.model.FrameworkMethod$1.runReflectiveCall(FrameworkMethod.java:50)
	at org.junit.internal.runners.model.ReflectiveCallable.run(ReflectiveCallable.java:12)
	at org.junit.runners.model.FrameworkMethod.invokeExplosively(FrameworkMethod.java:47)
	at org.junit.internal.runners.statements.InvokeMethod.evaluate(InvokeMethod.java:17)
	at org.junit.internal.runners.statements.RunBefores.evaluate(RunBefores.java:26)
	at org.junit.internal.runners.statements.RunAfters.evaluate(RunAfters.java:27)
	at org.junit.runners.ParentRunner.runLeaf(ParentRunner.java:325)
	at org.junit.runners.BlockJUnit4ClassRunner.runChild(BlockJUnit4ClassRunner.java:78)
	at org.junit.runners.BlockJUnit4ClassRunner.runChild(BlockJUnit4ClassRunner.java:57)
	at org.junit.runners.ParentRunner$3.run(ParentRunner.java:290)
	at org.junit.runners.ParentRunner$1.schedule(ParentRunner.java:71)
	at org.junit.runners.ParentRunner.runChildren(ParentRunner.java:288)
	at org.junit.runners.ParentRunner.access$000(ParentRunner.java:58)
	at org.junit.runners.ParentRunner$2.evaluate(ParentRunner.java:268)
	at org.junit.internal.runners.statements.RunBefores.evaluate(RunBefores.java:26)
	at org.junit.internal.runners.statements.RunAfters.evaluate(RunAfters.java:27)
	at org.junit.runners.ParentRunner.run(ParentRunner.java:363)
	at org.apache.maven.surefire.junit4.JUnit4TestSet.execute(JUnit4TestSet.java:53)
	at org.apache.maven.surefire.junit4.JUnit4Provider.executeTestSet(JUnit4Provider.java:123)
	at org.apache.maven.surefire.junit4.JUnit4Provider.invoke(JUnit4Provider.java:104)
	at sun.reflect.NativeMethodAccessorImpl.invoke0(Native Method)
	at sun.reflect.NativeMethodAccessorImpl.invoke(NativeMethodAccessorImpl.java:62)
	at sun.reflect.DelegatingMethodAccessorImpl.invoke(DelegatingMethodAccessorImpl.java:43)
	at java.lang.reflect.Method.invoke(Method.java:498)
	at org.apache.maven.surefire.util.ReflectionUtils.invokeMethodWithArray(ReflectionUtils.java:164)
	at org.apache.maven.surefire.booter.ProviderFactory$ProviderProxy.invoke(ProviderFactory.java:110)
	at org.apache.maven.surefire.booter.SurefireStarter.invokeProvider(SurefireStarter.java:175)
	at org.apache.maven.surefire.booter.SurefireStarter.runSuitesInProcessWhenForked(SurefireStarter.java:107)
	at org.apache.maven.surefire.booter.ForkedBooter.main(ForkedBooter.java:68)
</failure>
    <system-out>Hello
</system-out>
  </testcase>
<<<<<<< HEAD
  <testcase classname="DataLayer.DataMapperTest" name="testGetMaxAngles" time="0.019">
    <failure message="expected:&lt;6&gt; but was:&lt;7&gt;" type="java.lang.AssertionError">java.lang.AssertionError: expected:&lt;6&gt; but was:&lt;7&gt;
=======
  <testcase classname="DataLayer.DataMapperTest" name="testGetMaxLength" time="0.017"/>
  <testcase classname="DataLayer.DataMapperTest" name="testGetMaxRoofMaterial" time="0.021"/>
  <testcase classname="DataLayer.DataMapperTest" name="testGetmaxmatiralnum" time="0.019"/>
  <testcase classname="DataLayer.DataMapperTest" name="testGetMaxShedWidth" time="0.02">
=======
  <testcase classname="DataLayer.DataMapperTest" name="testGetlength" time="0.652"/>
  <testcase classname="DataLayer.DataMapperTest" name="testGetMatiralName" time="0.015"/>
  <testcase classname="DataLayer.DataMapperTest" name="testGetwidth2" time="0.013"/>
  <testcase classname="DataLayer.DataMapperTest" name="testGetShedwidth" time="0.016"/>
  <testcase classname="DataLayer.DataMapperTest" name="testGetwidth" time="0.016"/>
  <testcase classname="DataLayer.DataMapperTest" name="testGetShedlength" time="0.016"/>
  <testcase classname="DataLayer.DataMapperTest" name="testGetRoofAngle" time="0.016"/>
  <testcase classname="DataLayer.DataMapperTest" name="testGetMaxAngles" time="0.015"/>
  <testcase classname="DataLayer.DataMapperTest" name="testGetMaxLength" time="0.016"/>
  <testcase classname="DataLayer.DataMapperTest" name="testGetMaxRoofMaterial" time="0.016"/>
  <testcase classname="DataLayer.DataMapperTest" name="testGetmaxmatiralnum" time="0.016"/>
  <testcase classname="DataLayer.DataMapperTest" name="testGetMaxShedWidth" time="0.016">
>>>>>>> adde66c46e12c414b13a00b80192d3851503f014
    <failure message="expected:&lt;18&gt; but was:&lt;19&gt;" type="java.lang.AssertionError">java.lang.AssertionError: expected:&lt;18&gt; but was:&lt;19&gt;
>>>>>>> 96ed1b4e26e048ff65153598aacb70963d62c416
	at org.junit.Assert.fail(Assert.java:88)
	at org.junit.Assert.failNotEquals(Assert.java:834)
	at org.junit.Assert.assertEquals(Assert.java:645)
	at org.junit.Assert.assertEquals(Assert.java:631)
<<<<<<< HEAD
	at DataLayer.DataMapperTest.testGetMaxAngles(DataMapperTest.java:74)
=======
	at DataLayer.DataMapperTest.testGetMaxShedWidth(DataMapperTest.java:92)
	at sun.reflect.NativeMethodAccessorImpl.invoke0(Native Method)
	at sun.reflect.NativeMethodAccessorImpl.invoke(NativeMethodAccessorImpl.java:62)
	at sun.reflect.DelegatingMethodAccessorImpl.invoke(DelegatingMethodAccessorImpl.java:43)
	at java.lang.reflect.Method.invoke(Method.java:498)
	at org.junit.runners.model.FrameworkMethod$1.runReflectiveCall(FrameworkMethod.java:50)
	at org.junit.internal.runners.model.ReflectiveCallable.run(ReflectiveCallable.java:12)
	at org.junit.runners.model.FrameworkMethod.invokeExplosively(FrameworkMethod.java:47)
	at org.junit.internal.runners.statements.InvokeMethod.evaluate(InvokeMethod.java:17)
	at org.junit.internal.runners.statements.RunBefores.evaluate(RunBefores.java:26)
	at org.junit.internal.runners.statements.RunAfters.evaluate(RunAfters.java:27)
	at org.junit.runners.ParentRunner.runLeaf(ParentRunner.java:325)
	at org.junit.runners.BlockJUnit4ClassRunner.runChild(BlockJUnit4ClassRunner.java:78)
	at org.junit.runners.BlockJUnit4ClassRunner.runChild(BlockJUnit4ClassRunner.java:57)
	at org.junit.runners.ParentRunner$3.run(ParentRunner.java:290)
	at org.junit.runners.ParentRunner$1.schedule(ParentRunner.java:71)
	at org.junit.runners.ParentRunner.runChildren(ParentRunner.java:288)
	at org.junit.runners.ParentRunner.access$000(ParentRunner.java:58)
	at org.junit.runners.ParentRunner$2.evaluate(ParentRunner.java:268)
	at org.junit.internal.runners.statements.RunBefores.evaluate(RunBefores.java:26)
	at org.junit.internal.runners.statements.RunAfters.evaluate(RunAfters.java:27)
	at org.junit.runners.ParentRunner.run(ParentRunner.java:363)
	at org.apache.maven.surefire.junit4.JUnit4TestSet.execute(JUnit4TestSet.java:53)
	at org.apache.maven.surefire.junit4.JUnit4Provider.executeTestSet(JUnit4Provider.java:123)
	at org.apache.maven.surefire.junit4.JUnit4Provider.invoke(JUnit4Provider.java:104)
	at sun.reflect.NativeMethodAccessorImpl.invoke0(Native Method)
	at sun.reflect.NativeMethodAccessorImpl.invoke(NativeMethodAccessorImpl.java:62)
	at sun.reflect.DelegatingMethodAccessorImpl.invoke(DelegatingMethodAccessorImpl.java:43)
	at java.lang.reflect.Method.invoke(Method.java:498)
	at org.apache.maven.surefire.util.ReflectionUtils.invokeMethodWithArray(ReflectionUtils.java:164)
	at org.apache.maven.surefire.booter.ProviderFactory$ProviderProxy.invoke(ProviderFactory.java:110)
	at org.apache.maven.surefire.booter.SurefireStarter.invokeProvider(SurefireStarter.java:175)
	at org.apache.maven.surefire.booter.SurefireStarter.runSuitesInProcessWhenForked(SurefireStarter.java:107)
	at org.apache.maven.surefire.booter.ForkedBooter.main(ForkedBooter.java:68)
</failure>
    <system-out>Hello
</system-out>
  </testcase>
  <testcase classname="DataLayer.DataMapperTest" name="testGetMaxShedLength" time="0.016">
    <failure message="expected:&lt;19&gt; but was:&lt;20&gt;" type="java.lang.AssertionError">java.lang.AssertionError: expected:&lt;19&gt; but was:&lt;20&gt;
	at org.junit.Assert.fail(Assert.java:88)
	at org.junit.Assert.failNotEquals(Assert.java:834)
	at org.junit.Assert.assertEquals(Assert.java:645)
	at org.junit.Assert.assertEquals(Assert.java:631)
	at DataLayer.DataMapperTest.testGetMaxShedLength(DataMapperTest.java:101)
>>>>>>> 96ed1b4e26e048ff65153598aacb70963d62c416
>>>>>>> 9ca68f6870128fe7d87c86e60b3010ebd5a080c4
	at sun.reflect.NativeMethodAccessorImpl.invoke0(Native Method)
	at sun.reflect.NativeMethodAccessorImpl.invoke(NativeMethodAccessorImpl.java:62)
	at sun.reflect.DelegatingMethodAccessorImpl.invoke(DelegatingMethodAccessorImpl.java:43)
	at java.lang.reflect.Method.invoke(Method.java:498)
	at org.junit.runners.model.FrameworkMethod$1.runReflectiveCall(FrameworkMethod.java:50)
	at org.junit.internal.runners.model.ReflectiveCallable.run(ReflectiveCallable.java:12)
	at org.junit.runners.model.FrameworkMethod.invokeExplosively(FrameworkMethod.java:47)
	at org.junit.internal.runners.statements.InvokeMethod.evaluate(InvokeMethod.java:17)
	at org.junit.internal.runners.statements.RunBefores.evaluate(RunBefores.java:26)
	at org.junit.internal.runners.statements.RunAfters.evaluate(RunAfters.java:27)
	at org.junit.runners.ParentRunner.runLeaf(ParentRunner.java:325)
	at org.junit.runners.BlockJUnit4ClassRunner.runChild(BlockJUnit4ClassRunner.java:78)
	at org.junit.runners.BlockJUnit4ClassRunner.runChild(BlockJUnit4ClassRunner.java:57)
	at org.junit.runners.ParentRunner$3.run(ParentRunner.java:290)
	at org.junit.runners.ParentRunner$1.schedule(ParentRunner.java:71)
	at org.junit.runners.ParentRunner.runChildren(ParentRunner.java:288)
	at org.junit.runners.ParentRunner.access$000(ParentRunner.java:58)
	at org.junit.runners.ParentRunner$2.evaluate(ParentRunner.java:268)
	at org.junit.internal.runners.statements.RunBefores.evaluate(RunBefores.java:26)
	at org.junit.internal.runners.statements.RunAfters.evaluate(RunAfters.java:27)
	at org.junit.runners.ParentRunner.run(ParentRunner.java:363)
	at org.apache.maven.surefire.junit4.JUnit4TestSet.execute(JUnit4TestSet.java:53)
	at org.apache.maven.surefire.junit4.JUnit4Provider.executeTestSet(JUnit4Provider.java:123)
	at org.apache.maven.surefire.junit4.JUnit4Provider.invoke(JUnit4Provider.java:104)
	at sun.reflect.NativeMethodAccessorImpl.invoke0(Native Method)
	at sun.reflect.NativeMethodAccessorImpl.invoke(NativeMethodAccessorImpl.java:62)
	at sun.reflect.DelegatingMethodAccessorImpl.invoke(DelegatingMethodAccessorImpl.java:43)
	at java.lang.reflect.Method.invoke(Method.java:498)
	at org.apache.maven.surefire.util.ReflectionUtils.invokeMethodWithArray(ReflectionUtils.java:164)
	at org.apache.maven.surefire.booter.ProviderFactory$ProviderProxy.invoke(ProviderFactory.java:110)
	at org.apache.maven.surefire.booter.SurefireStarter.invokeProvider(SurefireStarter.java:175)
	at org.apache.maven.surefire.booter.SurefireStarter.runSuitesInProcessWhenForked(SurefireStarter.java:107)
	at org.apache.maven.surefire.booter.ForkedBooter.main(ForkedBooter.java:68)
</error>
    <system-out>Hello
</system-out>
  </testcase>
<<<<<<< HEAD
=======
<<<<<<< HEAD
<<<<<<< HEAD
  <testcase classname="DataLayer.DataMapperTest" name="testGetMaxLength" time="0.021"/>
  <testcase classname="DataLayer.DataMapperTest" name="testGetMaxRoofMaterial" time="0.015"/>
  <testcase classname="DataLayer.DataMapperTest" name="testGetmaxmatiralnum" time="0.036"/>
  <testcase classname="DataLayer.DataMapperTest" name="testGetMaxShedWidth" time="0.016"/>
  <testcase classname="DataLayer.DataMapperTest" name="testGetMaxShedLength" time="0.016"/>
  <testcase classname="DataLayer.DataMapperTest" name="testGetRoofMaterial" time="0.014"/>
  <testcase classname="DataLayer.DataMapperTest" name="testGetMaxWidth" time="0.025"/>
=======
  <testcase classname="DataLayer.DataMapperTest" name="testGetRoofMaterial" time="0.017"/>
  <testcase classname="DataLayer.DataMapperTest" name="testGetMaxWidth" time="0.017"/>
=======
    <property name="sun.desktop" value="windows"/>
    <property name="sun.cpu.isalist" value="amd64"/>
  </properties>
  <testcase classname="DataLayer.DataMapperTest" name="testGetlength" time="0.675"/>
  <testcase classname="DataLayer.DataMapperTest" name="testGetMatiralName" time="0.016"/>
  <testcase classname="DataLayer.DataMapperTest" name="testGetwidth2" time="0.016"/>
  <testcase classname="DataLayer.DataMapperTest" name="testGetShedwidth" time="0.016"/>
  <testcase classname="DataLayer.DataMapperTest" name="testGetwidth" time="0.016"/>
  <testcase classname="DataLayer.DataMapperTest" name="testGetShedlength" time="0.016"/>
  <testcase classname="DataLayer.DataMapperTest" name="testGetRoofAngle" time="0.02"/>
>>>>>>> 9ca68f6870128fe7d87c86e60b3010ebd5a080c4
  <testcase classname="DataLayer.DataMapperTest" name="testGetMaxAngles" time="0.016"/>
  <testcase classname="DataLayer.DataMapperTest" name="testGetMaxLength" time="0.015"/>
  <testcase classname="DataLayer.DataMapperTest" name="testGetMaxRoofMaterial" time="0.016"/>
  <testcase classname="DataLayer.DataMapperTest" name="testGetmaxmatiralnum" time="0.016"/>
<<<<<<< HEAD
  <testcase classname="DataLayer.DataMapperTest" name="testGetMaxShedWidth" time="0.015"/>
  <testcase classname="DataLayer.DataMapperTest" name="testGetMaxShedLength" time="0.032"/>
  <testcase classname="DataLayer.DataMapperTest" name="testGetRoofMaterial" time="0.015"/>
=======
  <testcase classname="DataLayer.DataMapperTest" name="testGetMaxShedWidth" time="0.012"/>
  <testcase classname="DataLayer.DataMapperTest" name="testGetMaxShedLength" time="0.012"/>
=======
>>>>>>> adde66c46e12c414b13a00b80192d3851503f014
  <testcase classname="DataLayer.DataMapperTest" name="testGetRoofMaterial" time="0.016"/>
>>>>>>> ba5292604812bae433f1cfb506e0dabcf1190b15
>>>>>>> 9ca68f6870128fe7d87c86e60b3010ebd5a080c4
  <testcase classname="DataLayer.DataMapperTest" name="testGetMaxWidth" time="0.016"/>
</testsuite>